[2025-12-05T06:18:30.438Z] legtatoo — Used /addpoint (item=uncut onyx) on Nutty
[2025-12-05T19:28:07.102Z] kilolow — Used /addcpoint (amount=10) on Ocean
[2025-12-05T19:28:12.564Z] kilolow — Used /addcpoint (amount=10) on IM Cake
[2025-12-05T19:28:36.429Z] kilolow — Used /addcpoint (amount=5) on IM Cake
[2025-12-05T21:59:37.779Z] kilolow — Used /addcpoint (amount=5) on IM Cake
[2025-12-05T22:44:55.327Z] _mynut — Used /addcpoint (amount=10) on unethic4l
[2025-12-06T01:37:11.005Z] kilolow — Used /addpoint (item=dragon hunter wand) on unethic4l
[2025-12-06T01:37:22.810Z] kilolow — Used /addpoint (item=dragon hunter wand) on unethic4l
[2025-12-06T02:40:22.275Z] _mynut — Used /addcpoint (amount=10) on MF Jones
[2025-12-06T15:53:56.654Z] _mynut — Used /addcpoint (amount=10) on unethic4l
[2025-12-06T15:54:11.461Z] _mynut — Used /addcpoint (amount=10) on MF Jones
[2025-12-06T20:08:38.199Z] kilolow — Used /addcpoint (amount=10) on IM Cake
[2025-12-06T20:08:45.315Z] kilolow — Used /addcpoint (amount=10) on MF Jones
[2025-12-06T20:26:41.766Z] _mynut — Used /addcpoint (amount=10) on unethic4l
[2025-12-06T21:42:25.999Z] _mynut — Used /addpoint (item=hueycoatl hide) on My nut
[2025-12-06T21:43:04.519Z] _mynut — Used /addpoint (item=(hueycoatl hide) on Nutty
[2025-12-06T21:48:45.432Z] _mynut — Used /addpoint (item=hueycoatl hide) on My nut
[2025-12-06T23:00:02.086Z] _mynut — Used /addcpoint (amount=30) on unethic4l
[2025-12-06T23:00:31.765Z] _mynut — Used /addpoint (item=dragon hunter wand) on unethic4l
[2025-12-06T23:01:20.789Z] _mynut — Used /addcpoint (amount=10) on unethic4l
[2025-12-07T05:26:52.096Z] _mynut — Used /addpoint (item=lightbearer) on My nut
[2025-12-07T05:27:14.967Z] _mynut — Used /addpoint (item=lightbearer) on Nutty
[2025-12-07T05:27:27.603Z] _mynut — Used /addpoint (item=lightbearer) on Papa Rose
[2025-12-07T05:27:42.943Z] _mynut — Used /addpoint (item=lightbearer) on Arsid
[2025-12-07T07:30:18.435Z] _mynut — Used /addcpoint (amount=10) on Tryhard101
[2025-12-07T07:30:26.436Z] _mynut — Used /addcpoint (amount=10) on Nutty
[2025-12-07T07:30:32.898Z] _mynut — Used /addcpoint (amount=10) on My nut
[2025-12-07T07:30:45.136Z] _mynut — Used /addcpoint (amount=10) on Arsid
[2025-12-07T07:30:52.348Z] _mynut — Used /addcpoint (amount=10) on Papa Rose
[2025-12-07T07:31:01.808Z] _mynut — Used /addcpoint (amount=10) on 1320Hp
[2025-12-07T07:31:11.357Z] _mynut — Used /addcpoint (amount=10) on Brandonalee101
[2025-12-07T07:31:21.959Z] _mynut — Used /addcpoint (amount=10) on VeDepo
[2025-12-07T08:07:20.097Z] _mynut — Used /addcpoint (amount=10) on 1320Hp
[2025-12-07T08:07:30.746Z] _mynut — Used /addcpoint (amount=10) on Brandonalee101
[2025-12-07T16:54:32.234Z] _mynut — Used /addcpoint (amount=20) on unethic4l
[2025-12-07T16:54:55.393Z] _mynut — Used /addcpoint (amount=10) on MF Jones
[2025-12-07T21:39:04.436Z] _mynut — Used /addpoint (item=Hueycoatl Hide) on unethic4l
[2025-12-07T21:39:21.300Z] _mynut — Used /addpoint (item=Hueycoatl Hide) on unethic4l
[2025-12-08T00:04:20.248Z] _mynut — Used /addcpoint (amount=5) on Stiigletz
[2025-12-08T00:44:13.142Z] legtatoo — Used /addpoint (item=pet) on Nutty
[2025-12-08T02:45:21.019Z] _mynut — Used /addpoint (item=Tourmented Synapse) on Brandonalee101
[2025-12-08T05:02:09.344Z] legtatoo — Used /addpoint (item=tormented synapse) on Brandonalee101
[2025-12-08T09:56:13.641Z] kilolow — Used /addcpoint (amount=60) on IM Cake
[2025-12-08T09:56:30.185Z] kilolow — Used /addcpoint (amount=10) on My nut
[2025-12-08T09:57:07.903Z] kilolow — Used /addcpoint (amount=40) on IM Cake
[2025-12-08T09:57:18.375Z] kilolow — Used /addcpoint (amount=20) on My nut
[2025-12-08T09:58:03.817Z] kilolow — Used /addcpoint (amount=30) on Arsid
[2025-12-08T09:58:13.086Z] kilolow — Used /addcpoint (amount=30) on Tloud
[2025-12-08T09:58:23.823Z] kilolow — Used /addcpoint (amount=30) on Annapengu
[2025-12-08T09:58:54.843Z] kilolow — Used /addcpoint (amount=30) on unethic4l
[2025-12-08T09:59:10.039Z] kilolow — Used /addcpoint (amount=30) on Screwcats
[2025-12-08T10:00:37.638Z] kilolow — Used /addcpoint (amount=10) on IM Cake
[2025-12-08T13:34:21.986Z] kilolow — Used /addcpoint (amount=10) on IM Cake
[2025-12-09T00:03:30.607Z] _mynut — Used /addcpoint (amount=10) on unethic4l
[2025-12-09T02:08:33.327Z] kilolow — Used /addcpoint (amount=10) on BigBird567
[2025-12-09T02:10:26.561Z] kilolow — Used /addcpoint (amount=100) on VeDepo
[2025-12-09T02:11:04.655Z] kilolow — Used /addcpoint (amount=100) on unethic4l
[2025-12-09T02:12:38.316Z] kilolow — Used /addcpoint (amount=100) on IM Cake
[2025-12-09T02:12:49.518Z] kilolow — Used /addcpoint (amount=30) on My nut
[2025-12-09T02:13:00.093Z] kilolow — Used /addcpoint (amount=30) on bippur
[2025-12-09T02:13:08.476Z] kilolow — Used /addcpoint (amount=30) on Brandonalee101
[2025-12-09T02:13:16.466Z] kilolow — Used /addcpoint (amount=30) on Nutty
[2025-12-09T02:13:26.087Z] kilolow — Used /addcpoint (amount=30) on Tryhard101
[2025-12-09T02:13:35.337Z] kilolow — Used /addcpoint (amount=30) on Tloud
[2025-12-09T02:13:43.147Z] kilolow — Used /addcpoint (amount=30) on 1320Hp
[2025-12-09T02:13:52.806Z] kilolow — Used /addcpoint (amount=30) on Drizzy
[2025-12-09T02:16:36.679Z] _mynut — Used /addcpoint (amount=10) on IM Cake
[2025-12-09T21:03:28.787Z] _mynut — Used /addcpoint (amount=20) on unethic4l
[2025-12-10T15:55:15.504Z] _mynut — Used /addcpoint (amount=10) on unethic4l
[2025-12-11T00:10:31.186Z] _mynut — Used /addcpoint (amount=20) on MF Jones
[2025-12-11T00:10:38.832Z] _mynut — Used /addcpoint (amount=20) on BigBird567
[2025-12-11T20:47:12.362Z] _mynut — Used /addcpoint (amount=10) on unethic4l
[2025-12-12T02:28:28.931Z] _mynut — Used /addcpoint (amount=20) on brandon
[2025-12-12T02:28:37.645Z] _mynut — Used /addcpoint (amount=20) on Tloud
[2025-12-12T02:28:45.469Z] _mynut — Used /addcpoint (amount=20) on BigBird567
[2025-12-12T02:29:02.316Z] _mynut — Used /addcpoint (amount=20) on My nut
[2025-12-12T03:26:53.446Z] _mynut — Used /addcpoint (amount=100) on Nutty
[2025-12-12T03:29:17.292Z] _mynut — Used /addcpoint (amount=100) on My nut
[2025-12-12T03:30:11.829Z] _mynut — Used /addcpoint (amount=30) on Nutty
[2025-12-12T03:30:26.258Z] _mynut — Used /addcpoint (amount=30) on Arsid
[2025-12-12T03:30:35.126Z] _mynut — Used /addcpoint (amount=30) on unethic4l
[2025-12-12T03:30:46.087Z] _mynut — Used /addcpoint (amount=30) on Screwcats
[2025-12-12T03:30:54.892Z] _mynut — Used /addcpoint (amount=30) on MF Jones
[2025-12-12T03:31:05.156Z] _mynut — Used /addcpoint (amount=30) on Brandonalee101
[2025-12-12T03:31:45.829Z] _mynut — Used /addcpoint (amount=-100) on Nutty
[2025-12-12T03:32:17.288Z] _mynut — Used /addcpoint (amount=-100) on Nutty
[2025-12-12T03:32:33.840Z] _mynut — Used /addcpoint (amount=100) on Nutty
[2025-12-12T05:07:50.989Z] _mynut — Used /addpoint (item=Masori Body) on Tloud
[2025-12-12T05:08:05.266Z] _mynut — Used /addpoint (item=masori body) on My nut
[2025-12-12T05:08:22.474Z] _mynut — Used /addpoint (item=masori body) on Nutty
[2025-12-12T05:09:52.329Z] _mynut — Used /addpoint (item=masori body) on My nut
[2025-12-12T05:10:04.460Z] _mynut — Used /addpoint (item=masori body) on Tloud
[2025-12-12T05:10:16.100Z] _mynut — Used /addpoint (item=masori body) on Nutty
[2025-12-12T05:17:42.313Z] _mynut — Used /addcpoint (amount=5) on Tloud
[2025-12-12T05:27:44.192Z] _mynut — Used /addpoint (item=pet) on Brandonalee101
[2025-12-12T05:40:06.326Z] _mynut — Used /addcpoint (amount=20) on Brandonalee101
[2025-12-12T05:40:12.903Z] _mynut — Used /addcpoint (amount=20) on Annapengu
[2025-12-12T05:40:36.820Z] _mynut — Used /addcpoint (amount=20) on 1320Hp
[2025-12-12T06:59:03.420Z] _mynut — Used /addcpoint (amount=20) on Tloud
[2025-12-12T06:59:16.299Z] _mynut — Used /addcpoint (amount=20) on Brandonalee101
[2025-12-12T06:59:23.240Z] _mynut — Used /addcpoint (amount=20) on 1320Hp
[2025-12-12T06:59:36.536Z] _mynut — Used /addcpoint (amount=20) on Tryhard101
[2025-12-12T06:59:50.974Z] _mynut — Used /addcpoint (amount=20) on Annapengu
[2025-12-12T18:26:12.294Z] legtatoo — Used /addpoint (item=eternal crystal) on MrTweaker
[2025-12-13T04:41:36.263Z] _mynut — Used /addpoint (item=masori chaps) on Brandonalee101
[2025-12-13T04:41:49.411Z] _mynut — Used /addpoint (item=masori chaps) on Brandonalee101
[2025-12-13T04:42:09.765Z] _mynut — Used /addpoint (item=masori chaps) on 1320Hp
[2025-12-13T04:42:20.710Z] _mynut — Used /addpoint (item=masori chaps) on 1320Hp
[2025-12-13T16:00:20.018Z] _mynut — Used /addcpoint (amount=20) on My nut
[2025-12-13T16:00:28.389Z] _mynut — Used /addcpoint (amount=20) on Brandonalee101
[2025-12-13T16:00:38.395Z] _mynut — Used /addcpoint (amount=20) on Annapengu
[2025-12-13T16:00:44.688Z] _mynut — Used /addcpoint (amount=20) on unethic4l
[2025-12-13T16:00:53.970Z] _mynut — Used /addcpoint (amount=20) on Tryhard101
[2025-12-13T16:00:59.800Z] _mynut — Used /addcpoint (amount=20) on Tloud
[2025-12-13T16:01:08.960Z] _mynut — Used /addcpoint (amount=20) on Sour Cherry
[2025-12-13T16:01:21.083Z] _mynut — Used /addcpoint (amount=20) on Nutty
[2025-12-13T16:02:00.721Z] _mynut — Used /addcpoint (amount=20) on MF Jones
[2025-12-13T17:22:32.986Z] _mynut — Used /addcpoint (amount=5) on Tloud
[2025-12-13T17:22:46.148Z] _mynut — Used /addcpoint (amount=5) on BigBird567
[2025-12-13T17:22:53.967Z] _mynut — Used /addcpoint (amount=5) on Sour Cherry
[2025-12-14T03:53:32.607Z] _mynut — Used /addcpoint (amount=20) on BigBurrrrr
[2025-12-14T03:53:41.215Z] _mynut — Used /addcpoint (amount=20) on MF Jones
[2025-12-14T03:53:56.926Z] _mynut — Used /addcpoint (amount=20) on unethic4l
[2025-12-14T04:02:46.302Z] _mynut — Used /addpoint (item=Osmumten's fang) on IM Cake
[2025-12-14T05:32:46.289Z] _mynut — Used /addcpoint (amount=50) on Brandonalee101
[2025-12-14T05:32:53.838Z] _mynut — Used /addcpoint (amount=10) on Annapengu
[2025-12-14T05:33:04.203Z] _mynut — Used /addcpoint (amount=10) on unethic4l
[2025-12-14T05:33:25.036Z] _mynut — Used /addcpoint (amount=10) on Silent
[2025-12-14T05:33:30.712Z] _mynut — Used /addcpoint (amount=10) on Arsid
[2025-12-14T05:33:37.255Z] _mynut — Used /addcpoint (amount=10) on Sour Cherry
[2025-12-14T05:40:51.133Z] _mynut — Used /addcpoint (amount=20) on Nutty
[2025-12-14T05:49:06.985Z] _mynut — Used /addcpoint (amount=10) on Brandonalee101
[2025-12-14T05:49:31.161Z] _mynut — Used /addcpoint (amount=10) on unethic4l
[2025-12-14T17:25:14.281Z] _mynut — Used /addpoint (item=Lightbearer) on IM Cake
[2025-12-14T17:25:43.283Z] _mynut — Used /addpoint (item=Osmumten's fang) on IM Cake
[2025-12-14T17:26:11.477Z] _mynut — Used /addcpoint (amount=10) on Nutty
[2025-12-14T17:29:56.161Z] _mynut — Used /addpoint (item=Lightbearer) on MF Jones
[2025-12-14T17:30:12.134Z] _mynut — Used /addpoint (item=Lightbearer) on MF Jones
[2025-12-14T17:30:18.679Z] _mynut — Used /addcpoint (amount=20) on MF Jones
[2025-12-14T17:30:26.470Z] _mynut — Used /addcpoint (amount=20) on IM Cake
[2025-12-14T17:30:43.467Z] _mynut — Used /addcpoint (amount=20) on Brandonalee101
[2025-12-15T01:57:58.284Z] _mynut — Used /addpoint (item=pet) on MF Jones
[2025-12-15T01:58:34.091Z] _mynut — Used /addpoint (item=Elidinis' ward) on IM Cake
[2025-12-15T01:58:47.331Z] _mynut — Used /addpoint (item=Elidinis' ward) on IM Cake
[2025-12-15T02:14:24.581Z] _mynut — Used /addcpoint (amount=10) on Brandonalee101
[2025-12-15T06:02:17.969Z] _mynut — Used /addpoint (item=Archers ring) on VeDepo
[2025-12-15T22:05:11.178Z] _mynut — Used /addcpoint (amount=20) on Brandonalee101
[2025-12-15T22:05:20.343Z] _mynut — Used /addcpoint (amount=20) on MF Jones
[2025-12-15T22:05:29.483Z] _mynut — Used /addcpoint (amount=20) on Tloud
[2025-12-15T22:05:40.219Z] _mynut — Used /addcpoint (amount=20) on Annapengu
[2025-12-15T22:06:31.785Z] _mynut — Used /addpoint (item=Elidinis' ward) on Tloud
[2025-12-15T22:06:47.222Z] _mynut — Used /addpoint (item=Elidinis' ward) on Brandonalee101
[2025-12-15T22:06:57.168Z] _mynut — Used /addpoint (item=Elidinis' ward) on Brandonalee101
[2025-12-15T22:09:01.422Z] _mynut — Used /addcpoint (amount=20) on My nut
[2025-12-15T22:09:10.218Z] _mynut — Used /addcpoint (amount=5) on Silent
[2025-12-15T22:38:59.522Z] legtatoo — Used /addpoint (item=pet) on thedumper
[2025-12-16T12:53:31.166Z] _mynut — Used /addcpoint (amount=5) on Silent
[2025-12-16T18:21:32.971Z] _mynut — Used /addpoint (item=Masori chaps) on IM Cake
[2025-12-16T18:21:42.191Z] _mynut — Used /addpoint (item=pet) on Tloud
[2025-12-16T18:21:49.730Z] _mynut — Used /addpoint (item=pet) on Tloud
[2025-12-16T18:22:17.390Z] _mynut — Used /addcpoint (amount=5) on Tloud
[2025-12-16T21:19:56.764Z] legtatoo — Used /addpoint (item=pet) on Ocean
[2025-12-17T00:37:29.740Z] _mynut — Used /addcpoint (amount=10) on Brandonalee101
[2025-12-17T00:37:43.601Z] _mynut — Used /addcpoint (amount=10) on unethic4l
[2025-12-17T03:53:57.804Z] _mynut — Used /addpoint (item=pet) on Sour Cherry
[2025-12-18T14:33:26.723Z] _mynut — Used /addcpoint (amount=30) on unethic4l
[2025-12-18T14:33:57.943Z] _mynut — Used /addcpoint (amount=30) on Nutty
[2025-12-18T14:34:22.063Z] _mynut — Used /addcpoint (amount=10) on Brandonalee101
[2025-12-18T14:35:02.572Z] _mynut — Used /addcpoint (amount=5) on Tloud
[2025-12-18T14:35:32.509Z] _mynut — Used /addcpoint (amount=10) on Silent
[2025-12-18T21:13:41.329Z] legtatoo — Used /addcpoint (amount=10) on Silent
[2025-12-18T21:13:56.700Z] legtatoo — Used /addcpoint (amount=10) on My nut
[2025-12-18T21:15:11.241Z] legtatoo — Used /addcpoint (amount=100) on Tloud
[2025-12-18T21:15:16.167Z] legtatoo — Used /addcpoint (amount=100) on Brandonalee101
[2025-12-18T21:15:25.160Z] legtatoo — Used /addcpoint (amount=100) on Tryhard101
[2025-12-18T21:16:31.325Z] legtatoo — Used /addcpoint (amount=30) on IM Cake
[2025-12-18T21:16:37.843Z] legtatoo — Used /addcpoint (amount=30) on Nutty
[2025-12-18T21:16:45.404Z] legtatoo — Used /addcpoint (amount=30) on 1320Hp
[2025-12-18T21:16:51.893Z] legtatoo — Used /addcpoint (amount=30) on My nut
[2025-12-18T21:17:01.724Z] legtatoo — Used /addcpoint (amount=30) on Sour Cherry
[2025-12-18T21:17:19.385Z] legtatoo — Used /addcpoint (amount=30) on MF Jones
[2025-12-19T18:41:04.528Z] legtatoo — Used /addpoint (item=pet) on Dinisaure
[2025-12-19T22:16:25.219Z] legtatoo — Used /addpoint (item=eye of the duke) on MF Jones
[2025-12-21T17:05:33.226Z] _mynut — Used /addcpoint (amount=15) on IM Cake
[2025-12-21T17:06:24.898Z] _mynut — Used /addcpoint (amount=60) on Brandonalee101
[2025-12-21T17:06:56.289Z] _mynut — Used /addcpoint (amount=5) on Tloud
[2025-12-21T17:07:30.760Z] _mynut — Used /addcpoint (amount=40) on unethic4l
[2025-12-21T17:08:05.412Z] _mynut — Used /addcpoint (amount=10) on Silent
[2025-12-21T17:08:39.078Z] _mynut — Used /addcpoint (amount=10) on Nutty
[2025-12-21T17:08:45.808Z] _mynut — Used /addcpoint (amount=10) on My nut
[2025-12-21T20:14:49.635Z] _mynut — Used /addcpoint (amount=10) on My nut
[2025-12-21T20:15:00.639Z] _mynut — Used /addcpoint (amount=10) on Nutty
[2025-12-21T20:15:05.368Z] _mynut — Used /addcpoint (amount=10) on Tryhard101
[2025-12-21T20:15:13.495Z] _mynut — Used /addcpoint (amount=10) on Brandonalee101
[2025-12-21T20:15:21.736Z] _mynut — Used /addcpoint (amount=10) on Sour Cherry
[2025-12-21T20:15:31.186Z] _mynut — Used /addcpoint (amount=10) on MF Jones
[2025-12-21T20:15:41.696Z] _mynut — Used /addcpoint (amount=10) on Arsid
[2025-12-21T20:15:53.118Z] _mynut — Used /addcpoint (amount=10) on MF Jones
[2025-12-21T20:15:57.567Z] _mynut — Used /addcpoint (amount=10) on Sour Cherry
[2025-12-21T20:16:04.932Z] _mynut — Used /addcpoint (amount=10) on unethic4l
[2025-12-21T20:16:13.779Z] _mynut — Used /addcpoint (amount=10) on Nutty
[2025-12-21T20:16:35.716Z] _mynut — Used /addcpoint (amount=10) on Annapengu
[2025-12-21T21:46:46.640Z] _mynut — Used /addpoint (item=Osmumten's fang) on danyost
[2025-12-21T21:46:57.671Z] _mynut — Used /addpoint (item=Osmumten's fang) on MF Jones
[2025-12-21T21:47:09.543Z] _mynut — Used /addpoint (item=Osmumten's fang) on My nut
[2025-12-21T22:01:32.173Z] _mynut — Used /addcpoint (amount=10) on Brandonalee101
[2025-12-21T22:01:38.555Z] _mynut — Used /addcpoint (amount=10) on unethic4l
[2025-12-21T22:42:39.702Z] _mynut — Used /addpoint (item=Lightbearer) on Brandonalee101
[2025-12-21T22:42:49.416Z] _mynut — Used /addpoint (item=Lightbearer) on MF Jones
[2025-12-21T22:43:03.083Z] _mynut — Used /addpoint (item=Lightbearer) on Nutty
[2025-12-21T22:43:12.260Z] _mynut — Used /addpoint (item=Lightbearer) on Tryhard101
[2025-12-21T22:43:21.253Z] _mynut — Used /addpoint (item=Lightbearer) on unethic4l
[2025-12-22T00:36:42.814Z] _mynut — Used /addcpoint (amount=10) on Brandonalee101
[2025-12-22T22:16:04.894Z] _mynut — Used /addpoint (item=pet) on Ocean
[2025-12-24T02:44:59.726Z] _mynut — Used /addcpoint (amount=20) on MF Jones
[2025-12-24T02:45:06.654Z] _mynut — Used /addcpoint (amount=20) on Silent
[2025-12-24T02:45:15.915Z] _mynut — Used /addcpoint (amount=20) on Nutty
[2025-12-24T02:45:23.676Z] _mynut — Used /addcpoint (amount=20) on My nut
[2025-12-24T03:56:30.303Z] _mynut — Used /addcpoint (amount=20) on danyost
[2025-12-24T03:56:34.368Z] _mynut — Used /addcpoint (amount=20) on IM Cake
[2025-12-24T14:22:54.293Z] _mynut — Used /addcpoint (amount=60) on unethic4l
[2025-12-24T14:23:39.404Z] _mynut — Used /addcpoint (amount=50) on Brandonalee101
[2025-12-24T14:24:17.555Z] _mynut — Used /addcpoint (amount=10) on IM Cake
[2025-12-26T06:41:08.223Z] _mynut — Used /addcpoint (amount=20) on Brandonalee101
[2025-12-26T06:41:19.004Z] _mynut — Used /addcpoint (amount=10) on Nutty
[2025-12-26T06:41:25.763Z] _mynut — Used /addcpoint (amount=10) on Nutty
